0 info it worked if it ends with ok
1 verbose cli [ 'C:\\Program Files\\nodejs\\node.exe',
1 verbose cli   'C:\\Program Files\\nodejs\\node_modules\\npm\\bin\\npm-cli.js',
1 verbose cli   'start' ]
2 info using npm@3.8.6
3 info using node@v5.11.0
4 verbose run-script [ 'prestart', 'start', 'poststart' ]
5 info lifecycle h2o@1.0.0~prestart: h2o@1.0.0
6 silly lifecycle h2o@1.0.0~prestart: no script for prestart, continuing
7 info lifecycle h2o@1.0.0~start: h2o@1.0.0
8 verbose lifecycle h2o@1.0.0~start: unsafe-perm in lifecycle true
9 verbose lifecycle h2o@1.0.0~start: PATH: C:\Program Files\nodejs\node_modules\npm\bin\node-gyp-bin;C:\Users\hon\study\huabu\h2o\node_modules\.bin;C:\Program Files\nodejs;C:\Users\hon\bin;C:\Program Files\Git\mingw64\bin;C:\Program Files\Git\usr\local\bin;C:\Program Files\Git\usr\bin;C:\Program Files\Git\usr\bin;C:\Program Files\Git\mingw64\bin;C:\Program Files\Git\usr\bin;C:\Users\hon\bin;C:\Python27;C:\Python27\Scripts;C:\Program Files (x86)\Intel\iCLS Client;C:\Program Files\Intel\iCLS Client;C:\WINDOWS\system32;C:\WINDOWS;C:\WINDOWS\System32\Wbem;C:\WINDOWS\System32\WindowsPowerShell\v1.0;C:\Program Files\Intel\Intel(R) Management Engine Components\DAL;C:\Program Files\Intel\Intel(R) Management Engine Components\IPT;C:\Program Files (x86)\Intel\Intel(R) Management Engine Components\DAL;C:\Program Files (x86)\Intel\Intel(R) Management Engine Components\IPT;C:\Program Files\nodejs;C:\Program Files\Git\cmd;C:\Program Files\PostgreSQL\9.5\bin;C:\Program Files\Apache\apache-ant-1.9.7\bin;C:\Program Files\Java\jdk1.7.0_79;C:\Users\hon\.cargo\bin;C:\Users\hon\.cargo\bin\bin;C:\Users\hon\.cargo\bin;C:\Users\hon\AppData\Roaming\npm;C:\Users\hon\AppData\Local\atom\bin;C:\Users\hon\AppData\Local\nylas\bin;C:\Program Files\Docker Toolbox;C:\Users\hon\AppData\Local\Microsoft\WindowsApps;C:\Program Files\Git\usr\bin\vendor_perl;C:\Program Files\Git\usr\bin\core_perl
10 verbose lifecycle h2o@1.0.0~start: CWD: C:\Users\hon\study\huabu\h2o
11 silly lifecycle h2o@1.0.0~start: Args: [ '/d /s /c', 'stylus src/index.styl -o ./h2o.css' ]
12 silly lifecycle h2o@1.0.0~start: Returned: code: 1  signal: null
13 info lifecycle h2o@1.0.0~start: Failed to exec start script
14 verbose stack Error: h2o@1.0.0 start: `stylus src/index.styl -o ./h2o.css`
14 verbose stack Exit status 1
14 verbose stack     at EventEmitter.<anonymous> (C:\Program Files\nodejs\node_modules\npm\lib\utils\lifecycle.js:239:16)
14 verbose stack     at emitTwo (events.js:100:13)
14 verbose stack     at EventEmitter.emit (events.js:185:7)
14 verbose stack     at ChildProcess.<anonymous> (C:\Program Files\nodejs\node_modules\npm\lib\utils\spawn.js:24:14)
14 verbose stack     at emitTwo (events.js:100:13)
14 verbose stack     at ChildProcess.emit (events.js:185:7)
14 verbose stack     at maybeClose (internal/child_process.js:850:16)
14 verbose stack     at Process.ChildProcess._handle.onexit (internal/child_process.js:215:5)
15 verbose pkgid h2o@1.0.0
16 verbose cwd C:\Users\hon\study\huabu\h2o
17 error Windows_NT 10.0.14393
18 error argv "C:\\Program Files\\nodejs\\node.exe" "C:\\Program Files\\nodejs\\node_modules\\npm\\bin\\npm-cli.js" "start"
19 error node v5.11.0
20 error npm  v3.8.6
21 error code ELIFECYCLE
22 error h2o@1.0.0 start: `stylus src/index.styl -o ./h2o.css`
22 error Exit status 1
23 error Failed at the h2o@1.0.0 start script 'stylus src/index.styl -o ./h2o.css'.
23 error Make sure you have the latest version of node.js and npm installed.
23 error If you do, this is most likely a problem with the h2o package,
23 error not with npm itself.
23 error Tell the author that this fails on your system:
23 error     stylus src/index.styl -o ./h2o.css
23 error You can get information on how to open an issue for this project with:
23 error     npm bugs h2o
23 error Or if that isn't available, you can get their info via:
23 error     npm owner ls h2o
23 error There is likely additional logging output above.
24 verbose exit [ 1, true ]
